<?xml version="1.0" encoding="UTF-8"?>
<!-- Generated by org.testng.reporters.JUnitReportReporter -->
<testsuite hostname="Ajinkya-PC" name="testcases.VerifyhomePageExtentReportwithscreenshot" tests="1" failures="0" timestamp="31 Dec 2017 20:02:08 GMT" time="24.356" errors="0">
  <testcase name="testHomePage" time="24.356" classname="testcases.VerifyhomePageExtentReportwithscreenshot"/>
</testsuite> <!-- testcases.VerifyhomePageExtentReportwithscreenshot -->
