<?xml version="1.0" encoding="UTF-8"?>
<!-- Generated by org.testng.reporters.JUnitReportReporter -->
<testsuite hostname="Ajinkya-PC" name="testcases.VerifyhomePageExtentReport" tests="1" failures="0" timestamp="31 Dec 2017 17:07:48 GMT" time="47.686" errors="0">
  <testcase name="testHomePage" time="47.686" classname="testcases.VerifyhomePageExtentReport"/>
</testsuite> <!-- testcases.VerifyhomePageExtentReport -->
